<?xml version="1.0" encoding="UTF-8"?>
<beans xmlns="http://www.springframework.org/schema/beans"
       xmlns:xsi="http://www.w3.org/2001/XMLSchema-instance"
       xsi:schemaLocation="http://www.springframework.org/schema/beans http://www.springframework.org/schema/beans/spring-beans.xsd">



    <bean id="cacheManager" class="org.springframework.cache.ehcache.EhCacheManagerFactoryBean">
        <property name="cacheManagerName" value="self-populating-cache-issue-demo-test"/>
        <property name="shared" value="true"/>
        <property name="acceptExisting" value="false"/>
        <property name="configLocation" value="classpath:/ehcache.xml"/>
    </bean>

    <bean id="springCacheManager" class="org.springframework.cache.ehcache.EhCacheCacheManager">
        <property name="cacheManager" ref="cacheManager"/>
    </bean>

    <bean id="alphabetDescriptionCache" class="org.springframework.cache.ehcache.EhCacheFactoryBean">
        <property name="cacheManager" ref="cacheManager"/>
        <property name="cacheName" value="alphabet-description-cache"/>
        <property name="cacheEntryFactory" ref="alphabetDescriptionCacheEntryFactory"/>
    </bean>

    <bean id="alphabetDescriptionCacheEntryFactory" class="com.marwals.ashish.issues.selfpopulatingcache.AlphabetDescriptionCacheEntryFactory" />

</beans>